2022/05/01 07:06:08 [notice] 1#1: using the "epoll" event method
2022/05/01 07:06:08 [notice] 1#1: nginx/1.20.2
2022/05/01 07:06:08 [notice] 1#1: built by gcc 10.3.1 20210424 (Alpine 10.3.1_git20210424) 
2022/05/01 07:06:08 [notice] 1#1: OS: Linux 5.10.104-linuxkit
2022/05/01 07:06:08 [notice] 1#1: getrlimit(RLIMIT_NOFILE): 1048576:1048576
2022/05/01 07:06:08 [notice] 1#1: start worker processes
2022/05/01 07:06:08 [notice] 1#1: start worker process 24
2022/05/01 07:06:08 [notice] 1#1: start worker process 25
2022/05/01 07:08:21 [notice] 1#1: signal 3 (SIGQUIT) received, shutting down
2022/05/01 07:08:21 [notice] 25#25: gracefully shutting down
2022/05/01 07:08:21 [notice] 25#25: exiting
2022/05/01 07:08:21 [notice] 24#24: gracefully shutting down
2022/05/01 07:08:21 [notice] 25#25: exit
2022/05/01 07:08:21 [notice] 1#1: signal 17 (SIGCHLD) received from 25
2022/05/01 07:08:21 [notice] 1#1: worker process 25 exited with code 0
2022/05/01 07:08:21 [notice] 1#1: signal 29 (SIGIO) received
2022/05/01 07:08:28 [notice] 24#24: exiting
2022/05/01 07:08:28 [notice] 24#24: exit
2022/05/01 07:08:28 [notice] 1#1: signal 17 (SIGCHLD) received from 24
2022/05/01 07:08:28 [notice] 1#1: worker process 24 exited with code 0
2022/05/01 07:08:28 [notice] 1#1: exit
2022/05/01 07:08:28 [notice] 1#1: using the "epoll" event method
2022/05/01 07:08:28 [notice] 1#1: nginx/1.20.2
2022/05/01 07:08:28 [notice] 1#1: built by gcc 10.3.1 20210424 (Alpine 10.3.1_git20210424) 
2022/05/01 07:08:28 [notice] 1#1: OS: Linux 5.10.104-linuxkit
2022/05/01 07:08:28 [notice] 1#1: getrlimit(RLIMIT_NOFILE): 1048576:1048576
2022/05/01 07:08:28 [notice] 1#1: start worker processes
2022/05/01 07:08:28 [notice] 1#1: start worker process 24
2022/05/01 07:08:28 [notice] 1#1: start worker process 25
2022/05/01 07:08:40 [notice] 1#1: signal 3 (SIGQUIT) received, shutting down
2022/05/01 07:08:40 [notice] 24#24: gracefully shutting down
2022/05/01 07:08:40 [notice] 25#25: gracefully shutting down
2022/05/01 07:08:40 [notice] 25#25: exiting
2022/05/01 07:08:40 [notice] 25#25: exit
2022/05/01 07:08:40 [notice] 1#1: signal 17 (SIGCHLD) received from 25
2022/05/01 07:08:40 [notice] 1#1: worker process 25 exited with code 0
2022/05/01 07:08:40 [notice] 1#1: signal 29 (SIGIO) received
2022/05/01 07:08:41 [notice] 1#1: signal 3 (SIGQUIT) received, shutting down
2022/05/01 07:08:46 [notice] 24#24: exiting
2022/05/01 07:08:46 [notice] 24#24: exit
2022/05/01 07:08:46 [notice] 1#1: signal 17 (SIGCHLD) received from 24
2022/05/01 07:08:46 [notice] 1#1: worker process 24 exited with code 0
2022/05/01 07:08:46 [notice] 1#1: exit
2022/05/01 07:08:46 [notice] 1#1: using the "epoll" event method
2022/05/01 07:08:46 [notice] 1#1: nginx/1.20.2
2022/05/01 07:08:46 [notice] 1#1: built by gcc 10.3.1 20210424 (Alpine 10.3.1_git20210424) 
2022/05/01 07:08:46 [notice] 1#1: OS: Linux 5.10.104-linuxkit
2022/05/01 07:08:46 [notice] 1#1: getrlimit(RLIMIT_NOFILE): 1048576:1048576
2022/05/01 07:08:46 [notice] 1#1: start worker processes
2022/05/01 07:08:46 [notice] 1#1: start worker process 25
2022/05/01 07:08:46 [notice] 1#1: start worker process 26
2022/05/01 07:09:12 [notice] 1#1: signal 3 (SIGQUIT) received, shutting down
2022/05/01 07:09:12 [notice] 26#26: gracefully shutting down
2022/05/01 07:09:12 [notice] 26#26: exiting
2022/05/01 07:09:12 [notice] 25#25: gracefully shutting down
2022/05/01 07:09:12 [notice] 26#26: exit
2022/05/01 07:09:12 [notice] 1#1: signal 17 (SIGCHLD) received from 26
2022/05/01 07:09:12 [notice] 1#1: worker process 26 exited with code 0
2022/05/01 07:09:12 [notice] 1#1: signal 29 (SIGIO) received
2022/05/01 07:09:17 [notice] 25#25: exiting
2022/05/01 07:09:17 [notice] 25#25: exit
2022/05/01 07:09:17 [notice] 1#1: signal 17 (SIGCHLD) received from 25
2022/05/01 07:09:17 [notice] 1#1: worker process 25 exited with code 0
2022/05/01 07:09:17 [notice] 1#1: exit
2022/05/01 07:09:17 [notice] 1#1: using the "epoll" event method
2022/05/01 07:09:17 [notice] 1#1: nginx/1.20.2
2022/05/01 07:09:17 [notice] 1#1: built by gcc 10.3.1 20210424 (Alpine 10.3.1_git20210424) 
2022/05/01 07:09:17 [notice] 1#1: OS: Linux 5.10.104-linuxkit
2022/05/01 07:09:17 [notice] 1#1: getrlimit(RLIMIT_NOFILE): 1048576:1048576
2022/05/01 07:09:17 [notice] 1#1: start worker processes
2022/05/01 07:09:17 [notice] 1#1: start worker process 23
2022/05/01 07:09:17 [notice] 1#1: start worker process 24
2022/05/01 07:11:23 [notice] 1#1: signal 3 (SIGQUIT) received, shutting down
2022/05/01 07:11:23 [notice] 23#23: gracefully shutting down
2022/05/01 07:11:23 [notice] 23#23: exiting
2022/05/01 07:11:23 [notice] 24#24: gracefully shutting down
2022/05/01 07:11:23 [notice] 24#24: exiting
2022/05/01 07:11:23 [notice] 23#23: exit
2022/05/01 07:11:23 [notice] 24#24: exit
2022/05/01 07:11:23 [notice] 1#1: signal 17 (SIGCHLD) received from 23
2022/05/01 07:11:23 [notice] 1#1: worker process 23 exited with code 0
2022/05/01 07:11:23 [notice] 1#1: signal 29 (SIGIO) received
2022/05/01 07:11:23 [notice] 1#1: signal 17 (SIGCHLD) received from 24
2022/05/01 07:11:23 [notice] 1#1: worker process 24 exited with code 0
2022/05/01 07:11:23 [notice] 1#1: exit
2022/05/02 07:23:59 [notice] 1#1: using the "epoll" event method
2022/05/02 07:23:59 [notice] 1#1: nginx/1.20.2
2022/05/02 07:23:59 [notice] 1#1: built by gcc 10.3.1 20210424 (Alpine 10.3.1_git20210424) 
2022/05/02 07:23:59 [notice] 1#1: OS: Linux 5.10.104-linuxkit
2022/05/02 07:23:59 [notice] 1#1: getrlimit(RLIMIT_NOFILE): 1048576:1048576
2022/05/02 07:23:59 [notice] 1#1: start worker processes
2022/05/02 07:23:59 [notice] 1#1: start worker process 24
2022/05/02 07:23:59 [notice] 1#1: start worker process 25
2022/05/02 07:24:03 [error] 25#25: *2 directory index of "/var/www/" is forbidden, client: 172.18.0.1, server: xyz.com, request: "GET / HTTP/1.1", host: "localhost"
2022/05/02 07:24:03 [error] 25#25: *2 open() "/var/www/favicon.ico" failed (2: No such file or directory), client: 172.18.0.1, server: xyz.com, request: "GET /favicon.ico HTTP/1.1", host: "localhost", referrer: "http://localhost/"
2022/05/02 07:24:05 [error] 25#25: *2 directory index of "/var/www/" is forbidden, client: 172.18.0.1, server: xyz.com, request: "GET / HTTP/1.1", host: "localhost"
2022/05/02 07:24:50 [error] 25#25: *3 directory index of "/var/www/" is forbidden, client: 172.18.0.1, server: xyz.com, request: "GET / HTTP/1.1", host: "localhost"
2022/05/02 07:30:38 [error] 24#24: *5 directory index of "/var/www/" is forbidden, client: 172.18.0.1, server: xyz.com, request: "GET / HTTP/1.1", host: "localhost"
2022/05/02 07:31:29 [notice] 1#1: signal 3 (SIGQUIT) received, shutting down
2022/05/02 07:31:29 [notice] 24#24: gracefully shutting down
2022/05/02 07:31:29 [notice] 25#25: gracefully shutting down
2022/05/02 07:31:29 [notice] 25#25: exiting
2022/05/02 07:31:29 [notice] 25#25: exit
2022/05/02 07:31:29 [notice] 1#1: signal 17 (SIGCHLD) received from 25
2022/05/02 07:31:29 [notice] 1#1: worker process 25 exited with code 0
2022/05/02 07:31:29 [notice] 1#1: signal 29 (SIGIO) received
2022/05/02 07:31:36 [notice] 1#1: signal 3 (SIGQUIT) received, shutting down
2022/05/02 07:31:38 [notice] 24#24: exiting
2022/05/02 07:31:38 [notice] 24#24: exit
2022/05/02 07:31:38 [notice] 1#1: signal 17 (SIGCHLD) received from 24
2022/05/02 07:31:38 [notice] 1#1: worker process 24 exited with code 0
2022/05/02 07:31:38 [notice] 1#1: exit
2022/05/02 07:32:15 [notice] 1#1: using the "epoll" event method
2022/05/02 07:32:15 [notice] 1#1: nginx/1.20.2
2022/05/02 07:32:15 [notice] 1#1: built by gcc 10.3.1 20210424 (Alpine 10.3.1_git20210424) 
2022/05/02 07:32:15 [notice] 1#1: OS: Linux 5.10.104-linuxkit
2022/05/02 07:32:15 [notice] 1#1: getrlimit(RLIMIT_NOFILE): 1048576:1048576
2022/05/02 07:32:15 [notice] 1#1: start worker processes
2022/05/02 07:32:15 [notice] 1#1: start worker process 24
2022/05/02 07:32:15 [notice] 1#1: start worker process 25
2022/05/02 07:32:31 [error] 24#24: *2 directory index of "/var/www/" is forbidden, client: 172.18.0.1, server: xyz.com, request: "GET / HTTP/1.1", host: "localhost"
2022/05/02 07:33:28 [notice] 1#1: signal 3 (SIGQUIT) received, shutting down
2022/05/02 07:33:28 [notice] 24#24: gracefully shutting down
2022/05/02 07:33:28 [notice] 24#24: exiting
2022/05/02 07:33:28 [notice] 25#25: gracefully shutting down
2022/05/02 07:33:28 [notice] 24#24: exit
2022/05/02 07:33:28 [notice] 1#1: signal 17 (SIGCHLD) received from 24
2022/05/02 07:33:28 [notice] 1#1: worker process 24 exited with code 0
2022/05/02 07:33:28 [notice] 1#1: signal 29 (SIGIO) received
2022/05/02 07:33:31 [notice] 1#1: signal 3 (SIGQUIT) received, shutting down
2022/05/02 07:33:31 [notice] 25#25: exiting
2022/05/02 07:33:31 [notice] 25#25: exit
2022/05/02 07:33:31 [notice] 1#1: signal 17 (SIGCHLD) received from 25
2022/05/02 07:33:31 [notice] 1#1: worker process 25 exited with code 0
2022/05/02 07:33:31 [notice] 1#1: exit
2022/05/08 00:42:41 [notice] 1#1: using the "epoll" event method
2022/05/08 00:42:41 [notice] 1#1: nginx/1.20.2
2022/05/08 00:42:41 [notice] 1#1: built by gcc 10.3.1 20210424 (Alpine 10.3.1_git20210424) 
2022/05/08 00:42:41 [notice] 1#1: OS: Linux 5.10.104-linuxkit
2022/05/08 00:42:41 [notice] 1#1: getrlimit(RLIMIT_NOFILE): 1048576:1048576
2022/05/08 00:42:41 [notice] 1#1: start worker processes
2022/05/08 00:42:41 [notice] 1#1: start worker process 24
2022/05/08 00:42:41 [notice] 1#1: start worker process 25
2022/05/08 00:43:38 [notice] 1#1: signal 3 (SIGQUIT) received, shutting down
2022/05/08 00:43:38 [notice] 25#25: gracefully shutting down
2022/05/08 00:43:38 [notice] 24#24: gracefully shutting down
2022/05/08 00:43:38 [notice] 24#24: exiting
2022/05/08 00:43:38 [notice] 24#24: exit
2022/05/08 00:43:38 [notice] 1#1: signal 17 (SIGCHLD) received from 24
2022/05/08 00:43:38 [notice] 1#1: worker process 24 exited with code 0
2022/05/08 00:43:38 [notice] 1#1: signal 29 (SIGIO) received
2022/05/08 00:43:53 [notice] 1#1: using the "epoll" event method
2022/05/08 00:43:53 [notice] 1#1: nginx/1.20.2
2022/05/08 00:43:53 [notice] 1#1: built by gcc 10.3.1 20210424 (Alpine 10.3.1_git20210424) 
2022/05/08 00:43:53 [notice] 1#1: OS: Linux 5.10.104-linuxkit
2022/05/08 00:43:53 [notice] 1#1: getrlimit(RLIMIT_NOFILE): 1048576:1048576
2022/05/08 00:43:53 [notice] 1#1: start worker processes
2022/05/08 00:43:53 [notice] 1#1: start worker process 24
2022/05/08 00:43:53 [notice] 1#1: start worker process 25
2022/05/08 00:45:44 [notice] 1#1: signal 3 (SIGQUIT) received, shutting down
2022/05/08 00:45:44 [notice] 24#24: gracefully shutting down
2022/05/08 00:45:44 [notice] 25#25: gracefully shutting down
2022/05/08 00:45:44 [notice] 25#25: exiting
2022/05/08 00:45:44 [notice] 25#25: exit
2022/05/08 00:45:44 [notice] 1#1: signal 17 (SIGCHLD) received from 25
2022/05/08 00:45:44 [notice] 1#1: worker process 25 exited with code 0
2022/05/08 00:45:45 [notice] 1#1: signal 29 (SIGIO) received
2022/05/08 00:45:59 [notice] 1#1: using the "epoll" event method
2022/05/08 00:45:59 [notice] 1#1: nginx/1.20.2
2022/05/08 00:45:59 [notice] 1#1: built by gcc 10.3.1 20210424 (Alpine 10.3.1_git20210424) 
2022/05/08 00:45:59 [notice] 1#1: OS: Linux 5.10.104-linuxkit
2022/05/08 00:45:59 [notice] 1#1: getrlimit(RLIMIT_NOFILE): 1048576:1048576
2022/05/08 00:45:59 [notice] 1#1: start worker processes
2022/05/08 00:45:59 [notice] 1#1: start worker process 23
2022/05/08 00:45:59 [notice] 1#1: start worker process 24
2022/05/08 00:59:46 [notice] 1#1: signal 3 (SIGQUIT) received, shutting down
2022/05/08 00:59:46 [notice] 24#24: gracefully shutting down
2022/05/08 00:59:46 [notice] 24#24: exiting
2022/05/08 00:59:46 [notice] 23#23: gracefully shutting down
2022/05/08 00:59:46 [notice] 23#23: exiting
2022/05/08 00:59:46 [notice] 23#23: exit
2022/05/08 00:59:46 [notice] 24#24: exit
2022/05/08 00:59:46 [notice] 1#1: signal 17 (SIGCHLD) received from 23
2022/05/08 00:59:46 [notice] 1#1: worker process 23 exited with code 0
2022/05/08 00:59:46 [notice] 1#1: worker process 24 exited with code 0
2022/05/08 00:59:46 [notice] 1#1: exit
2022/05/08 01:00:08 [notice] 1#1: using the "epoll" event method
2022/05/08 01:00:08 [notice] 1#1: nginx/1.20.2
2022/05/08 01:00:08 [notice] 1#1: built by gcc 10.3.1 20210424 (Alpine 10.3.1_git20210424) 
2022/05/08 01:00:08 [notice] 1#1: OS: Linux 5.10.104-linuxkit
2022/05/08 01:00:08 [notice] 1#1: getrlimit(RLIMIT_NOFILE): 1048576:1048576
2022/05/08 01:00:08 [notice] 1#1: start worker processes
2022/05/08 01:00:08 [notice] 1#1: start worker process 24
2022/05/08 01:00:08 [notice] 1#1: start worker process 25
2022/05/08 01:01:11 [notice] 1#1: signal 3 (SIGQUIT) received, shutting down
2022/05/08 01:01:11 [notice] 24#24: gracefully shutting down
2022/05/08 01:01:11 [notice] 24#24: exiting
2022/05/08 01:01:11 [notice] 25#25: gracefully shutting down
2022/05/08 01:01:11 [notice] 24#24: exit
2022/05/08 01:01:11 [notice] 25#25: exiting
2022/05/08 01:01:11 [notice] 25#25: exit
2022/05/08 01:01:11 [notice] 1#1: signal 17 (SIGCHLD) received from 24
2022/05/08 01:01:11 [notice] 1#1: worker process 24 exited with code 0
2022/05/08 01:01:11 [notice] 1#1: signal 29 (SIGIO) received
2022/05/08 01:01:11 [notice] 1#1: signal 17 (SIGCHLD) received from 25
2022/05/08 01:01:11 [notice] 1#1: worker process 25 exited with code 0
2022/05/08 01:01:11 [notice] 1#1: exit
2022/05/08 01:01:18 [notice] 1#1: using the "epoll" event method
2022/05/08 01:01:18 [notice] 1#1: nginx/1.20.2
2022/05/08 01:01:18 [notice] 1#1: built by gcc 10.3.1 20210424 (Alpine 10.3.1_git20210424) 
2022/05/08 01:01:18 [notice] 1#1: OS: Linux 5.10.104-linuxkit
2022/05/08 01:01:18 [notice] 1#1: getrlimit(RLIMIT_NOFILE): 1048576:1048576
2022/05/08 01:01:18 [notice] 1#1: start worker processes
2022/05/08 01:01:18 [notice] 1#1: start worker process 24
2022/05/08 01:01:18 [notice] 1#1: start worker process 25
2022/05/08 01:01:55 [notice] 1#1: signal 3 (SIGQUIT) received, shutting down
2022/05/08 01:01:55 [notice] 25#25: gracefully shutting down
2022/05/08 01:01:55 [notice] 25#25: exiting
2022/05/08 01:01:55 [notice] 25#25: exit
2022/05/08 01:01:55 [notice] 24#24: gracefully shutting down
2022/05/08 01:01:55 [notice] 24#24: exiting
2022/05/08 01:01:55 [notice] 24#24: exit
2022/05/08 01:01:55 [notice] 1#1: signal 17 (SIGCHLD) received from 24
2022/05/08 01:01:55 [notice] 1#1: worker process 24 exited with code 0
2022/05/08 01:01:55 [notice] 1#1: worker process 25 exited with code 0
2022/05/08 01:01:55 [notice] 1#1: exit
2022/05/08 01:02:32 [notice] 1#1: using the "epoll" event method
2022/05/08 01:02:32 [notice] 1#1: nginx/1.20.2
2022/05/08 01:02:32 [notice] 1#1: built by gcc 10.3.1 20210424 (Alpine 10.3.1_git20210424) 
2022/05/08 01:02:32 [notice] 1#1: OS: Linux 5.10.104-linuxkit
2022/05/08 01:02:32 [notice] 1#1: getrlimit(RLIMIT_NOFILE): 1048576:1048576
2022/05/08 01:02:32 [notice] 1#1: start worker processes
2022/05/08 01:02:32 [notice] 1#1: start worker process 26
2022/05/08 01:02:32 [notice] 1#1: start worker process 27
2022/05/08 02:46:11 [notice] 1#1: signal 3 (SIGQUIT) received, shutting down
2022/05/08 02:46:11 [notice] 26#26: gracefully shutting down
2022/05/08 02:46:11 [notice] 27#27: gracefully shutting down
2022/05/08 02:46:11 [notice] 27#27: exiting
2022/05/08 02:46:11 [notice] 27#27: exit
2022/05/08 02:46:11 [notice] 1#1: signal 17 (SIGCHLD) received from 27
2022/05/08 02:46:11 [notice] 1#1: worker process 27 exited with code 0
2022/05/08 02:46:11 [notice] 1#1: signal 29 (SIGIO) received
2022/05/08 02:46:19 [notice] 26#26: exiting
2022/05/08 02:46:19 [notice] 26#26: exit
2022/05/08 02:46:19 [notice] 1#1: signal 17 (SIGCHLD) received from 26
2022/05/08 02:46:19 [notice] 1#1: worker process 26 exited with code 0
2022/05/08 02:46:19 [notice] 1#1: exit
2022/05/08 02:46:26 [emerg] 1#1: host not found in upstream "php" in /etc/nginx/conf.d/default.conf:36
2022/05/08 02:46:29 [notice] 1#1: using the "epoll" event method
2022/05/08 02:46:29 [notice] 1#1: nginx/1.20.2
2022/05/08 02:46:29 [notice] 1#1: built by gcc 10.3.1 20210424 (Alpine 10.3.1_git20210424) 
2022/05/08 02:46:29 [notice] 1#1: OS: Linux 5.10.104-linuxkit
2022/05/08 02:46:29 [notice] 1#1: getrlimit(RLIMIT_NOFILE): 1048576:1048576
2022/05/08 02:46:29 [notice] 1#1: start worker processes
2022/05/08 02:46:29 [notice] 1#1: start worker process 23
2022/05/08 02:46:29 [notice] 1#1: start worker process 24
2022/05/08 02:48:18 [notice] 1#1: signal 3 (SIGQUIT) received, shutting down
2022/05/08 02:48:18 [notice] 24#24: gracefully shutting down
2022/05/08 02:48:18 [notice] 23#23: gracefully shutting down
2022/05/08 02:48:18 [notice] 23#23: exiting
2022/05/08 02:48:18 [notice] 23#23: exit
2022/05/08 02:48:18 [notice] 1#1: signal 17 (SIGCHLD) received from 23
2022/05/08 02:48:18 [notice] 1#1: worker process 23 exited with code 0
2022/05/08 02:48:18 [notice] 1#1: signal 29 (SIGIO) received
2022/05/08 02:48:25 [notice] 24#24: exiting
2022/05/08 02:48:25 [notice] 24#24: exit
2022/05/08 02:48:25 [notice] 1#1: signal 17 (SIGCHLD) received from 24
2022/05/08 02:48:25 [notice] 1#1: worker process 24 exited with code 0
2022/05/08 02:48:25 [notice] 1#1: exit
2022/05/08 02:48:29 [notice] 1#1: using the "epoll" event method
2022/05/08 02:48:29 [notice] 1#1: nginx/1.20.2
2022/05/08 02:48:29 [notice] 1#1: built by gcc 10.3.1 20210424 (Alpine 10.3.1_git20210424) 
2022/05/08 02:48:29 [notice] 1#1: OS: Linux 5.10.104-linuxkit
2022/05/08 02:48:29 [notice] 1#1: getrlimit(RLIMIT_NOFILE): 1048576:1048576
2022/05/08 02:48:29 [notice] 1#1: start worker processes
2022/05/08 02:48:29 [notice] 1#1: start worker process 25
2022/05/08 02:48:29 [notice] 1#1: start worker process 26
2022/05/08 02:52:34 [notice] 1#1: signal 3 (SIGQUIT) received, shutting down
2022/05/08 02:52:34 [notice] 25#25: gracefully shutting down
2022/05/08 02:52:34 [notice] 25#25: exiting
2022/05/08 02:52:34 [notice] 26#26: gracefully shutting down
2022/05/08 02:52:34 [notice] 25#25: exit
2022/05/08 02:52:34 [notice] 26#26: exiting
2022/05/08 02:52:34 [notice] 26#26: exit
2022/05/08 02:52:34 [notice] 1#1: signal 17 (SIGCHLD) received from 25
2022/05/08 02:52:34 [notice] 1#1: worker process 25 exited with code 0
2022/05/08 02:52:34 [notice] 1#1: signal 29 (SIGIO) received
2022/05/08 02:52:34 [notice] 1#1: signal 17 (SIGCHLD) received from 26
2022/05/08 02:52:34 [notice] 1#1: worker process 26 exited with code 0
2022/05/08 02:52:34 [notice] 1#1: exit
2022/05/08 02:52:56 [notice] 1#1: using the "epoll" event method
2022/05/08 02:52:56 [notice] 1#1: nginx/1.20.2
2022/05/08 02:52:56 [notice] 1#1: built by gcc 10.3.1 20210424 (Alpine 10.3.1_git20210424) 
2022/05/08 02:52:56 [notice] 1#1: OS: Linux 5.10.104-linuxkit
2022/05/08 02:52:56 [notice] 1#1: getrlimit(RLIMIT_NOFILE): 1048576:1048576
2022/05/08 02:52:56 [notice] 1#1: start worker processes
2022/05/08 02:52:56 [notice] 1#1: start worker process 24
2022/05/08 02:52:56 [notice] 1#1: start worker process 25
2022/05/08 03:22:12 [notice] 1#1: signal 3 (SIGQUIT) received, shutting down
2022/05/08 03:22:12 [notice] 25#25: gracefully shutting down
2022/05/08 03:22:12 [notice] 24#24: gracefully shutting down
2022/05/08 03:22:12 [notice] 24#24: exiting
2022/05/08 03:22:12 [notice] 25#25: exiting
2022/05/08 03:22:12 [notice] 24#24: exit
2022/05/08 03:22:12 [notice] 25#25: exit
2022/05/08 03:22:12 [notice] 1#1: signal 17 (SIGCHLD) received from 24
2022/05/08 03:22:12 [notice] 1#1: worker process 24 exited with code 0
2022/05/08 03:22:12 [notice] 1#1: worker process 25 exited with code 0
2022/05/08 03:22:12 [notice] 1#1: exit
2022/05/08 03:22:36 [notice] 1#1: using the "epoll" event method
2022/05/08 03:22:36 [notice] 1#1: nginx/1.20.2
2022/05/08 03:22:36 [notice] 1#1: built by gcc 10.3.1 20210424 (Alpine 10.3.1_git20210424) 
2022/05/08 03:22:36 [notice] 1#1: OS: Linux 5.10.104-linuxkit
2022/05/08 03:22:36 [notice] 1#1: getrlimit(RLIMIT_NOFILE): 1048576:1048576
2022/05/08 03:22:36 [notice] 1#1: start worker processes
2022/05/08 03:22:36 [notice] 1#1: start worker process 24
2022/05/08 03:22:36 [notice] 1#1: start worker process 25
2022/05/08 03:43:47 [error] 24#24: *1 directory index of "/var/www/" is forbidden, client: 172.23.0.1, server: xyz.com, request: "GET / HTTP/1.1", host: "localhost"
2022/05/08 03:43:48 [error] 24#24: *1 open() "/var/www/favicon.ico" failed (2: No such file or directory), client: 172.23.0.1, server: xyz.com, request: "GET /favicon.ico HTTP/1.1", host: "localhost", referrer: "http://localhost/"
2022/05/08 04:05:08 [notice] 1#1: signal 3 (SIGQUIT) received, shutting down
2022/05/08 04:05:08 [notice] 24#24: gracefully shutting down
2022/05/08 04:05:08 [notice] 25#25: gracefully shutting down
2022/05/08 04:05:08 [notice] 24#24: exiting
2022/05/08 04:05:08 [notice] 24#24: exit
2022/05/08 04:05:08 [notice] 25#25: exiting
2022/05/08 04:05:08 [notice] 25#25: exit
2022/05/08 04:05:08 [notice] 1#1: signal 17 (SIGCHLD) received from 25
2022/05/08 04:05:08 [notice] 1#1: worker process 24 exited with code 0
2022/05/08 04:05:08 [notice] 1#1: worker process 25 exited with code 0
2022/05/08 04:05:08 [notice] 1#1: exit
2022/05/08 04:05:27 [notice] 1#1: using the "epoll" event method
2022/05/08 04:05:27 [notice] 1#1: nginx/1.20.2
2022/05/08 04:05:27 [notice] 1#1: built by gcc 10.3.1 20210424 (Alpine 10.3.1_git20210424) 
2022/05/08 04:05:27 [notice] 1#1: OS: Linux 5.10.104-linuxkit
2022/05/08 04:05:27 [notice] 1#1: getrlimit(RLIMIT_NOFILE): 1048576:1048576
2022/05/08 04:05:27 [notice] 1#1: start worker processes
2022/05/08 04:05:27 [notice] 1#1: start worker process 24
2022/05/08 04:05:27 [notice] 1#1: start worker process 25
2022/05/08 04:06:27 [notice] 1#1: signal 3 (SIGQUIT) received, shutting down
2022/05/08 04:06:27 [notice] 24#24: gracefully shutting down
2022/05/08 04:06:27 [notice] 25#25: gracefully shutting down
2022/05/08 04:06:27 [notice] 25#25: exiting
2022/05/08 04:06:27 [notice] 25#25: exit
2022/05/08 04:06:27 [notice] 1#1: signal 17 (SIGCHLD) received from 25
2022/05/08 04:06:27 [notice] 1#1: worker process 25 exited with code 0
2022/05/08 04:06:27 [notice] 1#1: signal 29 (SIGIO) received
2022/05/08 04:06:55 [notice] 1#1: using the "epoll" event method
2022/05/08 04:06:55 [notice] 1#1: nginx/1.20.2
2022/05/08 04:06:55 [notice] 1#1: built by gcc 10.3.1 20210424 (Alpine 10.3.1_git20210424) 
2022/05/08 04:06:55 [notice] 1#1: OS: Linux 5.10.104-linuxkit
2022/05/08 04:06:55 [notice] 1#1: getrlimit(RLIMIT_NOFILE): 1048576:1048576
2022/05/08 04:06:55 [notice] 1#1: start worker processes
2022/05/08 04:06:55 [notice] 1#1: start worker process 24
2022/05/08 04:06:55 [notice] 1#1: start worker process 25
2022/05/08 04:09:44 [notice] 1#1: signal 3 (SIGQUIT) received, shutting down
2022/05/08 04:09:44 [notice] 24#24: gracefully shutting down
2022/05/08 04:09:44 [notice] 24#24: exiting
2022/05/08 04:09:44 [notice] 25#25: gracefully shutting down
2022/05/08 04:09:44 [notice] 24#24: exit
2022/05/08 04:09:44 [notice] 25#25: exiting
2022/05/08 04:09:44 [notice] 25#25: exit
2022/05/08 04:09:44 [notice] 1#1: signal 17 (SIGCHLD) received from 24
2022/05/08 04:09:44 [notice] 1#1: worker process 24 exited with code 0
2022/05/08 04:09:44 [notice] 1#1: worker process 25 exited with code 0
2022/05/08 04:09:44 [notice] 1#1: exit
2022/05/08 04:09:55 [notice] 1#1: using the "epoll" event method
2022/05/08 04:09:55 [notice] 1#1: nginx/1.20.2
2022/05/08 04:09:55 [notice] 1#1: built by gcc 10.3.1 20210424 (Alpine 10.3.1_git20210424) 
2022/05/08 04:09:55 [notice] 1#1: OS: Linux 5.10.104-linuxkit
2022/05/08 04:09:55 [notice] 1#1: getrlimit(RLIMIT_NOFILE): 1048576:1048576
2022/05/08 04:09:55 [notice] 1#1: start worker processes
2022/05/08 04:09:55 [notice] 1#1: start worker process 24
2022/05/08 04:09:55 [notice] 1#1: start worker process 25
2022/05/08 04:17:28 [notice] 1#1: signal 3 (SIGQUIT) received, shutting down
2022/05/08 04:17:28 [notice] 25#25: gracefully shutting down
2022/05/08 04:17:28 [notice] 24#24: gracefully shutting down
2022/05/08 04:17:28 [notice] 25#25: exiting
2022/05/08 04:17:28 [notice] 24#24: exiting
2022/05/08 04:17:28 [notice] 25#25: exit
2022/05/08 04:17:28 [notice] 24#24: exit
2022/05/08 04:17:28 [notice] 1#1: signal 17 (SIGCHLD) received from 24
2022/05/08 04:17:28 [notice] 1#1: worker process 24 exited with code 0
2022/05/08 04:17:28 [notice] 1#1: signal 29 (SIGIO) received
2022/05/08 04:17:28 [notice] 1#1: signal 17 (SIGCHLD) received from 25
2022/05/08 04:17:28 [notice] 1#1: worker process 25 exited with code 0
2022/05/08 04:17:28 [notice] 1#1: exit
2022/05/08 04:17:36 [notice] 1#1: using the "epoll" event method
2022/05/08 04:17:36 [notice] 1#1: nginx/1.20.2
2022/05/08 04:17:36 [notice] 1#1: built by gcc 10.3.1 20210424 (Alpine 10.3.1_git20210424) 
2022/05/08 04:17:36 [notice] 1#1: OS: Linux 5.10.104-linuxkit
2022/05/08 04:17:36 [notice] 1#1: getrlimit(RLIMIT_NOFILE): 1048576:1048576
2022/05/08 04:17:36 [notice] 1#1: start worker processes
2022/05/08 04:17:36 [notice] 1#1: start worker process 24
2022/05/08 04:17:36 [notice] 1#1: start worker process 25
2022/05/08 04:17:49 [notice] 1#1: signal 3 (SIGQUIT) received, shutting down
2022/05/08 04:17:49 [notice] 24#24: gracefully shutting down
2022/05/08 04:17:49 [notice] 24#24: exiting
2022/05/08 04:17:49 [notice] 25#25: gracefully shutting down
2022/05/08 04:17:49 [notice] 24#24: exit
2022/05/08 04:17:49 [notice] 25#25: exiting
2022/05/08 04:17:49 [notice] 25#25: exit
2022/05/08 04:17:49 [notice] 1#1: signal 17 (SIGCHLD) received from 24
2022/05/08 04:17:49 [notice] 1#1: worker process 24 exited with code 0
2022/05/08 04:17:49 [notice] 1#1: signal 29 (SIGIO) received
2022/05/08 04:17:49 [notice] 1#1: signal 17 (SIGCHLD) received from 25
2022/05/08 04:17:49 [notice] 1#1: worker process 25 exited with code 0
2022/05/08 04:17:49 [notice] 1#1: exit
2022/05/08 04:18:03 [notice] 1#1: using the "epoll" event method
2022/05/08 04:18:03 [notice] 1#1: nginx/1.20.2
2022/05/08 04:18:03 [notice] 1#1: built by gcc 10.3.1 20210424 (Alpine 10.3.1_git20210424) 
2022/05/08 04:18:03 [notice] 1#1: OS: Linux 5.10.104-linuxkit
2022/05/08 04:18:03 [notice] 1#1: getrlimit(RLIMIT_NOFILE): 1048576:1048576
2022/05/08 04:18:03 [notice] 1#1: start worker processes
2022/05/08 04:18:03 [notice] 1#1: start worker process 24
2022/05/08 04:18:03 [notice] 1#1: start worker process 25
2022/05/08 04:22:38 [notice] 1#1: signal 3 (SIGQUIT) received, shutting down
2022/05/08 04:22:38 [notice] 25#25: gracefully shutting down
2022/05/08 04:22:38 [notice] 24#24: gracefully shutting down
2022/05/08 04:22:38 [notice] 24#24: exiting
2022/05/08 04:22:38 [notice] 25#25: exiting
2022/05/08 04:22:38 [notice] 25#25: exit
2022/05/08 04:22:38 [notice] 24#24: exit
2022/05/08 04:22:38 [notice] 1#1: signal 17 (SIGCHLD) received from 24
2022/05/08 04:22:38 [notice] 1#1: worker process 24 exited with code 0
2022/05/08 04:22:38 [notice] 1#1: worker process 25 exited with code 0
2022/05/08 04:22:38 [notice] 1#1: exit
2022/05/08 04:22:45 [notice] 1#1: using the "epoll" event method
2022/05/08 04:22:45 [notice] 1#1: nginx/1.20.2
2022/05/08 04:22:45 [notice] 1#1: built by gcc 10.3.1 20210424 (Alpine 10.3.1_git20210424) 
2022/05/08 04:22:45 [notice] 1#1: OS: Linux 5.10.104-linuxkit
2022/05/08 04:22:45 [notice] 1#1: getrlimit(RLIMIT_NOFILE): 1048576:1048576
2022/05/08 04:22:45 [notice] 1#1: start worker processes
2022/05/08 04:22:45 [notice] 1#1: start worker process 24
2022/05/08 04:22:45 [notice] 1#1: start worker process 25
2022/05/09 01:31:01 [notice] 1#1: using the "epoll" event method
2022/05/09 01:31:01 [notice] 1#1: nginx/1.20.2
2022/05/09 01:31:01 [notice] 1#1: built by gcc 10.3.1 20210424 (Alpine 10.3.1_git20210424) 
2022/05/09 01:31:01 [notice] 1#1: OS: Linux 5.10.104-linuxkit
2022/05/09 01:31:01 [notice] 1#1: getrlimit(RLIMIT_NOFILE): 1048576:1048576
2022/05/09 01:31:01 [notice] 1#1: start worker processes
2022/05/09 01:31:01 [notice] 1#1: start worker process 27
2022/05/09 01:31:01 [notice] 1#1: start worker process 28
2022/05/09 01:35:03 [notice] 1#1: signal 3 (SIGQUIT) received, shutting down
2022/05/09 01:35:03 [notice] 28#28: gracefully shutting down
2022/05/09 01:35:03 [notice] 27#27: gracefully shutting down
2022/05/09 01:35:03 [notice] 27#27: exiting
2022/05/09 01:35:03 [notice] 28#28: exiting
2022/05/09 01:35:03 [notice] 28#28: exit
2022/05/09 01:35:03 [notice] 27#27: exit
2022/05/09 01:35:03 [notice] 1#1: signal 17 (SIGCHLD) received from 27
2022/05/09 01:35:03 [notice] 1#1: worker process 27 exited with code 0
2022/05/09 01:35:03 [notice] 1#1: worker process 28 exited with code 0
2022/05/09 01:35:03 [notice] 1#1: exit
2022/05/09 01:35:32 [notice] 1#1: using the "epoll" event method
2022/05/09 01:35:32 [notice] 1#1: nginx/1.20.2
2022/05/09 01:35:32 [notice] 1#1: built by gcc 10.3.1 20210424 (Alpine 10.3.1_git20210424) 
2022/05/09 01:35:32 [notice] 1#1: OS: Linux 5.10.104-linuxkit
2022/05/09 01:35:32 [notice] 1#1: getrlimit(RLIMIT_NOFILE): 1048576:1048576
2022/05/09 01:35:32 [notice] 1#1: start worker processes
2022/05/09 01:35:32 [notice] 1#1: start worker process 25
2022/05/09 01:35:32 [notice] 1#1: start worker process 26
2022/05/09 01:45:39 [notice] 1#1: signal 3 (SIGQUIT) received, shutting down
2022/05/09 01:45:39 [notice] 25#25: gracefully shutting down
2022/05/09 01:45:39 [notice] 26#26: gracefully shutting down
2022/05/09 01:45:39 [notice] 25#25: exiting
2022/05/09 01:45:39 [notice] 25#25: exit
2022/05/09 01:45:39 [notice] 26#26: exiting
2022/05/09 01:45:39 [notice] 26#26: exit
2022/05/09 01:45:39 [notice] 1#1: signal 17 (SIGCHLD) received from 26
2022/05/09 01:45:39 [notice] 1#1: worker process 26 exited with code 0
2022/05/09 01:45:39 [notice] 1#1: signal 29 (SIGIO) received
2022/05/09 01:45:39 [notice] 1#1: signal 17 (SIGCHLD) received from 25
2022/05/09 01:45:39 [notice] 1#1: worker process 25 exited with code 0
2022/05/09 01:45:39 [notice] 1#1: exit
2022/05/09 01:45:43 [notice] 1#1: using the "epoll" event method
2022/05/09 01:45:43 [notice] 1#1: nginx/1.20.2
2022/05/09 01:45:43 [notice] 1#1: built by gcc 10.3.1 20210424 (Alpine 10.3.1_git20210424) 
2022/05/09 01:45:43 [notice] 1#1: OS: Linux 5.10.104-linuxkit
2022/05/09 01:45:43 [notice] 1#1: getrlimit(RLIMIT_NOFILE): 1048576:1048576
2022/05/09 01:45:43 [notice] 1#1: start worker processes
2022/05/09 01:45:43 [notice] 1#1: start worker process 24
2022/05/09 01:45:43 [notice] 1#1: start worker process 25
2022/05/09 01:46:36 [notice] 1#1: signal 3 (SIGQUIT) received, shutting down
2022/05/09 01:46:36 [notice] 24#24: gracefully shutting down
2022/05/09 01:46:36 [notice] 25#25: gracefully shutting down
2022/05/09 01:46:36 [notice] 24#24: exiting
2022/05/09 01:46:36 [notice] 24#24: exit
2022/05/09 01:46:36 [notice] 25#25: exiting
2022/05/09 01:46:36 [notice] 25#25: exit
2022/05/09 01:46:36 [notice] 1#1: signal 17 (SIGCHLD) received from 25
2022/05/09 01:46:36 [notice] 1#1: worker process 24 exited with code 0
2022/05/09 01:46:36 [notice] 1#1: worker process 25 exited with code 0
2022/05/09 01:46:36 [notice] 1#1: exit
2022/05/09 01:46:46 [notice] 1#1: using the "epoll" event method
2022/05/09 01:46:46 [notice] 1#1: nginx/1.20.2
2022/05/09 01:46:46 [notice] 1#1: built by gcc 10.3.1 20210424 (Alpine 10.3.1_git20210424) 
2022/05/09 01:46:46 [notice] 1#1: OS: Linux 5.10.104-linuxkit
2022/05/09 01:46:46 [notice] 1#1: getrlimit(RLIMIT_NOFILE): 1048576:1048576
2022/05/09 01:46:46 [notice] 1#1: start worker processes
2022/05/09 01:46:46 [notice] 1#1: start worker process 24
2022/05/09 01:46:46 [notice] 1#1: start worker process 25
2022/05/09 01:47:10 [notice] 1#1: signal 3 (SIGQUIT) received, shutting down
2022/05/09 01:47:10 [notice] 24#24: gracefully shutting down
2022/05/09 01:47:10 [notice] 25#25: gracefully shutting down
2022/05/09 01:47:10 [notice] 25#25: exiting
2022/05/09 01:47:10 [notice] 24#24: exiting
2022/05/09 01:47:10 [notice] 24#24: exit
2022/05/09 01:47:10 [notice] 25#25: exit
2022/05/09 01:47:10 [notice] 1#1: signal 17 (SIGCHLD) received from 25
2022/05/09 01:47:10 [notice] 1#1: worker process 24 exited with code 0
2022/05/09 01:47:10 [notice] 1#1: worker process 25 exited with code 0
2022/05/09 01:47:10 [notice] 1#1: exit
2022/05/09 01:47:15 [notice] 1#1: using the "epoll" event method
2022/05/09 01:47:15 [notice] 1#1: nginx/1.20.2
2022/05/09 01:47:15 [notice] 1#1: built by gcc 10.3.1 20210424 (Alpine 10.3.1_git20210424) 
2022/05/09 01:47:15 [notice] 1#1: OS: Linux 5.10.104-linuxkit
2022/05/09 01:47:15 [notice] 1#1: getrlimit(RLIMIT_NOFILE): 1048576:1048576
2022/05/09 01:47:15 [notice] 1#1: start worker processes
2022/05/09 01:47:15 [notice] 1#1: start worker process 27
2022/05/09 01:47:15 [notice] 1#1: start worker process 28
2022/05/09 01:58:58 [notice] 1#1: signal 3 (SIGQUIT) received, shutting down
2022/05/09 01:58:58 [notice] 27#27: gracefully shutting down
2022/05/09 01:58:58 [notice] 28#28: gracefully shutting down
2022/05/09 01:58:58 [notice] 28#28: exiting
2022/05/09 01:58:58 [notice] 27#27: exiting
2022/05/09 01:58:58 [notice] 28#28: exit
2022/05/09 01:58:58 [notice] 27#27: exit
2022/05/09 01:58:58 [notice] 1#1: signal 17 (SIGCHLD) received from 28
2022/05/09 01:58:58 [notice] 1#1: worker process 28 exited with code 0
2022/05/09 01:58:58 [notice] 1#1: worker process 27 exited with code 0
2022/05/09 01:58:58 [notice] 1#1: exit
2022/05/09 01:59:02 [notice] 1#1: using the "epoll" event method
2022/05/09 01:59:02 [notice] 1#1: nginx/1.20.2
2022/05/09 01:59:02 [notice] 1#1: built by gcc 10.3.1 20210424 (Alpine 10.3.1_git20210424) 
2022/05/09 01:59:02 [notice] 1#1: OS: Linux 5.10.104-linuxkit
2022/05/09 01:59:02 [notice] 1#1: getrlimit(RLIMIT_NOFILE): 1048576:1048576
2022/05/09 01:59:02 [notice] 1#1: start worker processes
2022/05/09 01:59:02 [notice] 1#1: start worker process 23
2022/05/09 01:59:02 [notice] 1#1: start worker process 24
2022/05/09 02:00:09 [notice] 1#1: signal 3 (SIGQUIT) received, shutting down
2022/05/09 02:00:09 [notice] 23#23: gracefully shutting down
2022/05/09 02:00:09 [notice] 23#23: exiting
2022/05/09 02:00:09 [notice] 24#24: gracefully shutting down
2022/05/09 02:00:09 [notice] 24#24: exiting
2022/05/09 02:00:09 [notice] 23#23: exit
2022/05/09 02:00:09 [notice] 24#24: exit
2022/05/09 02:00:09 [notice] 1#1: signal 17 (SIGCHLD) received from 23
2022/05/09 02:00:09 [notice] 1#1: worker process 23 exited with code 0
2022/05/09 02:00:09 [notice] 1#1: worker process 24 exited with code 0
2022/05/09 02:00:09 [notice] 1#1: exit
2022/05/09 02:00:14 [notice] 1#1: using the "epoll" event method
2022/05/09 02:00:14 [notice] 1#1: nginx/1.20.2
2022/05/09 02:00:14 [notice] 1#1: built by gcc 10.3.1 20210424 (Alpine 10.3.1_git20210424) 
2022/05/09 02:00:14 [notice] 1#1: OS: Linux 5.10.104-linuxkit
2022/05/09 02:00:14 [notice] 1#1: getrlimit(RLIMIT_NOFILE): 1048576:1048576
2022/05/09 02:00:14 [notice] 1#1: start worker processes
2022/05/09 02:00:14 [notice] 1#1: start worker process 23
2022/05/09 02:00:14 [notice] 1#1: start worker process 24
2022/05/09 02:01:12 [notice] 1#1: signal 3 (SIGQUIT) received, shutting down
2022/05/09 02:01:12 [notice] 24#24: gracefully shutting down
2022/05/09 02:01:12 [notice] 23#23: gracefully shutting down
2022/05/09 02:01:12 [notice] 24#24: exiting
2022/05/09 02:01:12 [notice] 23#23: exiting
2022/05/09 02:01:12 [notice] 24#24: exit
2022/05/09 02:01:12 [notice] 23#23: exit
2022/05/09 02:01:12 [notice] 1#1: signal 17 (SIGCHLD) received from 24
2022/05/09 02:01:12 [notice] 1#1: worker process 24 exited with code 0
2022/05/09 02:01:12 [notice] 1#1: signal 29 (SIGIO) received
2022/05/09 02:01:12 [notice] 1#1: signal 17 (SIGCHLD) received from 23
2022/05/09 02:01:12 [notice] 1#1: worker process 23 exited with code 0
2022/05/09 02:01:12 [notice] 1#1: exit
2022/05/09 02:01:15 [notice] 1#1: using the "epoll" event method
2022/05/09 02:01:15 [notice] 1#1: nginx/1.20.2
2022/05/09 02:01:15 [notice] 1#1: built by gcc 10.3.1 20210424 (Alpine 10.3.1_git20210424) 
2022/05/09 02:01:15 [notice] 1#1: OS: Linux 5.10.104-linuxkit
2022/05/09 02:01:15 [notice] 1#1: getrlimit(RLIMIT_NOFILE): 1048576:1048576
2022/05/09 02:01:15 [notice] 1#1: start worker processes
2022/05/09 02:01:15 [notice] 1#1: start worker process 24
2022/05/09 02:01:15 [notice] 1#1: start worker process 25
2022/05/09 02:08:12 [notice] 1#1: signal 3 (SIGQUIT) received, shutting down
2022/05/09 02:08:12 [notice] 25#25: gracefully shutting down
2022/05/09 02:08:12 [notice] 24#24: gracefully shutting down
2022/05/09 02:08:12 [notice] 25#25: exiting
2022/05/09 02:08:12 [notice] 24#24: exiting
2022/05/09 02:08:12 [notice] 24#24: exit
2022/05/09 02:08:12 [notice] 25#25: exit
2022/05/09 02:08:12 [notice] 1#1: signal 17 (SIGCHLD) received from 25
2022/05/09 02:08:12 [notice] 1#1: worker process 25 exited with code 0
2022/05/09 02:08:12 [notice] 1#1: worker process 24 exited with code 0
2022/05/09 02:08:12 [notice] 1#1: exit
2022/05/09 02:08:16 [notice] 1#1: using the "epoll" event method
2022/05/09 02:08:16 [notice] 1#1: nginx/1.20.2
2022/05/09 02:08:16 [notice] 1#1: built by gcc 10.3.1 20210424 (Alpine 10.3.1_git20210424) 
2022/05/09 02:08:16 [notice] 1#1: OS: Linux 5.10.104-linuxkit
2022/05/09 02:08:16 [notice] 1#1: getrlimit(RLIMIT_NOFILE): 1048576:1048576
2022/05/09 02:08:16 [notice] 1#1: start worker processes
2022/05/09 02:08:16 [notice] 1#1: start worker process 24
2022/05/09 02:08:16 [notice] 1#1: start worker process 25
2022/05/09 03:04:02 [notice] 1#1: signal 3 (SIGQUIT) received, shutting down
2022/05/09 03:04:02 [notice] 24#24: gracefully shutting down
2022/05/09 03:04:02 [notice] 25#25: gracefully shutting down
2022/05/09 03:04:02 [notice] 24#24: exiting
2022/05/09 03:04:02 [notice] 25#25: exiting
2022/05/09 03:04:02 [notice] 24#24: exit
2022/05/09 03:04:02 [notice] 25#25: exit
2022/05/09 03:04:02 [notice] 1#1: signal 17 (SIGCHLD) received from 25
2022/05/09 03:04:02 [notice] 1#1: worker process 25 exited with code 0
2022/05/09 03:04:02 [notice] 1#1: signal 29 (SIGIO) received
2022/05/09 03:04:02 [notice] 1#1: signal 17 (SIGCHLD) received from 24
2022/05/09 03:04:02 [notice] 1#1: worker process 24 exited with code 0
2022/05/09 03:04:02 [notice] 1#1: exit
2022/05/09 03:04:06 [notice] 1#1: using the "epoll" event method
2022/05/09 03:04:06 [notice] 1#1: nginx/1.20.2
2022/05/09 03:04:06 [notice] 1#1: built by gcc 10.3.1 20210424 (Alpine 10.3.1_git20210424) 
2022/05/09 03:04:06 [notice] 1#1: OS: Linux 5.10.104-linuxkit
2022/05/09 03:04:06 [notice] 1#1: getrlimit(RLIMIT_NOFILE): 1048576:1048576
2022/05/09 03:04:06 [notice] 1#1: start worker processes
2022/05/09 03:04:06 [notice] 1#1: start worker process 24
2022/05/09 03:04:06 [notice] 1#1: start worker process 25
2022/05/09 03:19:39 [notice] 1#1: using the "epoll" event method
2022/05/09 03:19:39 [notice] 1#1: nginx/1.20.2
2022/05/09 03:19:39 [notice] 1#1: built by gcc 10.3.1 20210424 (Alpine 10.3.1_git20210424) 
2022/05/09 03:19:39 [notice] 1#1: OS: Linux 5.10.104-linuxkit
2022/05/09 03:19:39 [notice] 1#1: getrlimit(RLIMIT_NOFILE): 1048576:1048576
2022/05/09 03:19:39 [notice] 1#1: start worker processes
2022/05/09 03:19:39 [notice] 1#1: start worker process 24
2022/05/09 03:19:39 [notice] 1#1: start worker process 25
2022/05/09 03:21:08 [notice] 1#1: signal 3 (SIGQUIT) received, shutting down
2022/05/09 03:21:08 [notice] 25#25: gracefully shutting down
2022/05/09 03:21:08 [notice] 24#24: gracefully shutting down
2022/05/09 03:21:08 [notice] 25#25: exiting
2022/05/09 03:21:08 [notice] 24#24: exiting
2022/05/09 03:21:08 [notice] 24#24: exit
2022/05/09 03:21:08 [notice] 25#25: exit
2022/05/09 03:21:08 [notice] 1#1: signal 17 (SIGCHLD) received from 24
2022/05/09 03:21:08 [notice] 1#1: worker process 24 exited with code 0
2022/05/09 03:21:08 [notice] 1#1: signal 29 (SIGIO) received
2022/05/09 03:21:08 [notice] 1#1: signal 17 (SIGCHLD) received from 25
2022/05/09 03:21:08 [notice] 1#1: worker process 25 exited with code 0
2022/05/09 03:21:08 [notice] 1#1: exit
2022/05/09 03:21:11 [notice] 1#1: using the "epoll" event method
2022/05/09 03:21:11 [notice] 1#1: nginx/1.20.2
2022/05/09 03:21:11 [notice] 1#1: built by gcc 10.3.1 20210424 (Alpine 10.3.1_git20210424) 
2022/05/09 03:21:11 [notice] 1#1: OS: Linux 5.10.104-linuxkit
2022/05/09 03:21:11 [notice] 1#1: getrlimit(RLIMIT_NOFILE): 1048576:1048576
2022/05/09 03:21:11 [notice] 1#1: start worker processes
2022/05/09 03:21:11 [notice] 1#1: start worker process 24
2022/05/09 03:21:11 [notice] 1#1: start worker process 25
2022/05/09 03:23:52 [notice] 1#1: signal 3 (SIGQUIT) received, shutting down
2022/05/09 03:23:52 [notice] 25#25: gracefully shutting down
2022/05/09 03:23:52 [notice] 25#25: exiting
2022/05/09 03:23:52 [notice] 24#24: gracefully shutting down
2022/05/09 03:23:52 [notice] 24#24: exiting
2022/05/09 03:23:52 [notice] 24#24: exit
2022/05/09 03:23:52 [notice] 25#25: exit
2022/05/09 03:23:52 [notice] 1#1: signal 17 (SIGCHLD) received from 24
2022/05/09 03:23:52 [notice] 1#1: worker process 24 exited with code 0
2022/05/09 03:23:52 [notice] 1#1: signal 29 (SIGIO) received
2022/05/09 03:23:52 [notice] 1#1: signal 17 (SIGCHLD) received from 25
2022/05/09 03:23:52 [notice] 1#1: worker process 25 exited with code 0
2022/05/09 03:23:52 [notice] 1#1: exit
2022/05/09 03:23:54 [notice] 1#1: using the "epoll" event method
2022/05/09 03:23:54 [notice] 1#1: nginx/1.20.2
2022/05/09 03:23:54 [notice] 1#1: built by gcc 10.3.1 20210424 (Alpine 10.3.1_git20210424) 
2022/05/09 03:23:54 [notice] 1#1: OS: Linux 5.10.104-linuxkit
2022/05/09 03:23:54 [notice] 1#1: getrlimit(RLIMIT_NOFILE): 1048576:1048576
2022/05/09 03:23:54 [notice] 1#1: start worker processes
2022/05/09 03:23:54 [notice] 1#1: start worker process 25
2022/05/09 03:23:54 [notice] 1#1: start worker process 26
2022/05/09 03:37:17 [notice] 1#1: signal 3 (SIGQUIT) received, shutting down
2022/05/09 03:37:17 [notice] 26#26: gracefully shutting down
2022/05/09 03:37:17 [notice] 26#26: exiting
2022/05/09 03:37:17 [notice] 25#25: gracefully shutting down
2022/05/09 03:37:17 [notice] 26#26: exit
2022/05/09 03:37:17 [notice] 25#25: exiting
2022/05/09 03:37:17 [notice] 25#25: exit
2022/05/09 03:37:17 [notice] 1#1: signal 17 (SIGCHLD) received from 26
2022/05/09 03:37:17 [notice] 1#1: worker process 26 exited with code 0
2022/05/09 03:37:17 [notice] 1#1: signal 29 (SIGIO) received
2022/05/09 03:37:17 [notice] 1#1: signal 17 (SIGCHLD) received from 25
2022/05/09 03:37:17 [notice] 1#1: worker process 25 exited with code 0
2022/05/09 03:37:17 [notice] 1#1: exit
2022/05/09 03:37:19 [notice] 1#1: using the "epoll" event method
2022/05/09 03:37:19 [notice] 1#1: nginx/1.20.2
2022/05/09 03:37:19 [notice] 1#1: built by gcc 10.3.1 20210424 (Alpine 10.3.1_git20210424) 
2022/05/09 03:37:19 [notice] 1#1: OS: Linux 5.10.104-linuxkit
2022/05/09 03:37:19 [notice] 1#1: getrlimit(RLIMIT_NOFILE): 1048576:1048576
2022/05/09 03:37:19 [notice] 1#1: start worker processes
2022/05/09 03:37:19 [notice] 1#1: start worker process 24
2022/05/09 03:37:19 [notice] 1#1: start worker process 25
2022/05/09 03:38:38 [notice] 1#1: signal 3 (SIGQUIT) received, shutting down
2022/05/09 03:38:38 [notice] 25#25: gracefully shutting down
2022/05/09 03:38:38 [notice] 25#25: exiting
2022/05/09 03:38:38 [notice] 24#24: gracefully shutting down
2022/05/09 03:38:38 [notice] 24#24: exiting
2022/05/09 03:38:38 [notice] 25#25: exit
2022/05/09 03:38:38 [notice] 24#24: exit
2022/05/09 03:38:38 [notice] 1#1: signal 17 (SIGCHLD) received from 25
2022/05/09 03:38:38 [notice] 1#1: worker process 24 exited with code 0
2022/05/09 03:38:38 [notice] 1#1: worker process 25 exited with code 0
2022/05/09 03:38:38 [notice] 1#1: exit
2022/05/09 03:38:40 [notice] 1#1: using the "epoll" event method
2022/05/09 03:38:40 [notice] 1#1: nginx/1.20.2
2022/05/09 03:38:40 [notice] 1#1: built by gcc 10.3.1 20210424 (Alpine 10.3.1_git20210424) 
2022/05/09 03:38:40 [notice] 1#1: OS: Linux 5.10.104-linuxkit
2022/05/09 03:38:40 [notice] 1#1: getrlimit(RLIMIT_NOFILE): 1048576:1048576
2022/05/09 03:38:40 [notice] 1#1: start worker processes
2022/05/09 03:38:40 [notice] 1#1: start worker process 24
2022/05/09 03:38:40 [notice] 1#1: start worker process 25
2022/05/09 03:38:51 [error] 24#24: *1 directory index of "/var/www/" is forbidden, client: 172.18.0.1, server: xyz.com, request: "GET / HTTP/1.1", host: "main.test"
2022/05/09 03:38:51 [error] 24#24: *1 open() "/var/www/favicon.ico" failed (2: No such file or directory), client: 172.18.0.1, server: xyz.com, request: "GET /favicon.ico HTTP/1.1", host: "main.test", referrer: "http://main.test/"
2022/05/09 03:38:53 [error] 24#24: *1 directory index of "/var/www/" is forbidden, client: 172.18.0.1, server: xyz.com, request: "GET / HTTP/1.1", host: "main.test"
2022/05/09 03:41:41 [error] 25#25: *3 directory index of "/var/www/" is forbidden, client: 172.18.0.1, server: xyz.com, request: "GET / HTTP/1.1", host: "main.test"
2022/05/09 04:17:01 [error] 25#25: *9 directory index of "/var/www/" is forbidden, client: 172.18.0.1, server: xyz.com, request: "GET / HTTP/1.1", host: "localhost"
2022/05/09 04:49:06 [error] 24#24: *14 directory index of "/var/www/" is forbidden, client: 172.18.0.1, server: xyz.com, request: "GET / HTTP/1.1", host: "main.test"
2022/05/09 04:49:17 [error] 24#24: *14 directory index of "/var/www/" is forbidden, client: 172.18.0.1, server: xyz.com, request: "GET / HTTP/1.1", host: "main.test"
2022/05/09 04:49:25 [error] 24#24: *14 directory index of "/var/www/" is forbidden, client: 172.18.0.1, server: xyz.com, request: "GET / HTTP/1.1", host: "main.test"
2022/05/09 04:49:25 [error] 24#24: *14 directory index of "/var/www/" is forbidden, client: 172.18.0.1, server: xyz.com, request: "GET / HTTP/1.1", host: "main.test"
2022/05/09 04:49:26 [error] 24#24: *14 directory index of "/var/www/" is forbidden, client: 172.18.0.1, server: xyz.com, request: "GET / HTTP/1.1", host: "main.test"
2022/05/09 04:50:19 [error] 24#24: *14 directory index of "/var/www/" is forbidden, client: 172.18.0.1, server: xyz.com, request: "GET / HTTP/1.1", host: "main.test"
2022/05/09 04:50:20 [error] 24#24: *14 directory index of "/var/www/" is forbidden, client: 172.18.0.1, server: xyz.com, request: "GET / HTTP/1.1", host: "main.test"
2022/05/09 05:32:35 [notice] 1#1: signal 3 (SIGQUIT) received, shutting down
2022/05/09 05:32:35 [notice] 25#25: gracefully shutting down
2022/05/09 05:32:35 [notice] 25#25: exiting
2022/05/09 05:32:35 [notice] 24#24: gracefully shutting down
2022/05/09 05:32:35 [notice] 24#24: exiting
2022/05/09 05:32:35 [notice] 25#25: exit
2022/05/09 05:32:35 [notice] 24#24: exit
2022/05/09 05:32:35 [notice] 1#1: signal 17 (SIGCHLD) received from 24
2022/05/09 05:32:35 [notice] 1#1: worker process 24 exited with code 0
2022/05/09 05:32:35 [notice] 1#1: signal 17 (SIGCHLD) received from 25
2022/05/09 05:32:35 [notice] 1#1: worker process 25 exited with code 0
2022/05/09 05:32:35 [notice] 1#1: exit
2022/05/09 05:32:38 [notice] 1#1: using the "epoll" event method
2022/05/09 05:32:38 [notice] 1#1: nginx/1.20.2
2022/05/09 05:32:38 [notice] 1#1: built by gcc 10.3.1 20210424 (Alpine 10.3.1_git20210424) 
2022/05/09 05:32:38 [notice] 1#1: OS: Linux 5.10.104-linuxkit
2022/05/09 05:32:38 [notice] 1#1: getrlimit(RLIMIT_NOFILE): 1048576:1048576
2022/05/09 05:32:38 [notice] 1#1: start worker processes
2022/05/09 05:32:38 [notice] 1#1: start worker process 24
2022/05/09 05:32:38 [notice] 1#1: start worker process 25
2022/05/09 05:34:45 [notice] 1#1: signal 3 (SIGQUIT) received, shutting down
2022/05/09 05:34:45 [notice] 24#24: gracefully shutting down
2022/05/09 05:34:45 [notice] 24#24: exiting
2022/05/09 05:34:45 [notice] 25#25: gracefully shutting down
2022/05/09 05:34:45 [notice] 25#25: exiting
2022/05/09 05:34:45 [notice] 24#24: exit
2022/05/09 05:34:45 [notice] 25#25: exit
2022/05/09 05:34:45 [notice] 1#1: signal 17 (SIGCHLD) received from 25
2022/05/09 05:34:45 [notice] 1#1: worker process 25 exited with code 0
2022/05/09 05:34:45 [notice] 1#1: signal 29 (SIGIO) received
2022/05/09 05:34:45 [notice] 1#1: signal 17 (SIGCHLD) received from 24
2022/05/09 05:34:45 [notice] 1#1: worker process 24 exited with code 0
2022/05/09 05:34:45 [notice] 1#1: exit
2022/05/09 05:34:48 [notice] 1#1: using the "epoll" event method
2022/05/09 05:34:48 [notice] 1#1: nginx/1.20.2
2022/05/09 05:34:48 [notice] 1#1: built by gcc 10.3.1 20210424 (Alpine 10.3.1_git20210424) 
2022/05/09 05:34:48 [notice] 1#1: OS: Linux 5.10.104-linuxkit
2022/05/09 05:34:48 [notice] 1#1: getrlimit(RLIMIT_NOFILE): 1048576:1048576
2022/05/09 05:34:48 [notice] 1#1: start worker processes
2022/05/09 05:34:48 [notice] 1#1: start worker process 24
2022/05/09 05:34:48 [notice] 1#1: start worker process 25
2022/05/09 05:38:01 [notice] 1#1: signal 3 (SIGQUIT) received, shutting down
2022/05/09 05:38:01 [notice] 25#25: gracefully shutting down
2022/05/09 05:38:01 [notice] 25#25: exiting
2022/05/09 05:38:01 [notice] 24#24: gracefully shutting down
2022/05/09 05:38:01 [notice] 24#24: exiting
2022/05/09 05:38:01 [notice] 25#25: exit
2022/05/09 05:38:01 [notice] 24#24: exit
2022/05/09 05:38:01 [notice] 1#1: signal 17 (SIGCHLD) received from 24
2022/05/09 05:38:01 [notice] 1#1: worker process 24 exited with code 0
2022/05/09 05:38:01 [notice] 1#1: signal 29 (SIGIO) received
2022/05/09 05:38:01 [notice] 1#1: signal 17 (SIGCHLD) received from 25
2022/05/09 05:38:01 [notice] 1#1: worker process 25 exited with code 0
2022/05/09 05:38:01 [notice] 1#1: exit
2022/05/09 05:38:04 [notice] 1#1: using the "epoll" event method
2022/05/09 05:38:04 [notice] 1#1: nginx/1.20.2
2022/05/09 05:38:04 [notice] 1#1: built by gcc 10.3.1 20210424 (Alpine 10.3.1_git20210424) 
2022/05/09 05:38:04 [notice] 1#1: OS: Linux 5.10.104-linuxkit
2022/05/09 05:38:04 [notice] 1#1: getrlimit(RLIMIT_NOFILE): 1048576:1048576
2022/05/09 05:38:04 [notice] 1#1: start worker processes
2022/05/09 05:38:04 [notice] 1#1: start worker process 25
2022/05/09 05:38:04 [notice] 1#1: start worker process 26
